TN:
SF:src/components/Tasklist/index.tsx
FN:11,(anonymous_0)
FN:14,(anonymous_1)
FN:18,(anonymous_2)
FN:22,(anonymous_3)
FN:30,(anonymous_4)
FN:31,(anonymous_5)
FN:33,(anonymous_6)
FNF:7
FNH:3
FNDA:7,(anonymous_0)
FNDA:0,(anonymous_1)
FNDA:0,(anonymous_2)
FNDA:0,(anonymous_3)
FNDA:2,(anonymous_4)
FNDA:2,(anonymous_5)
FNDA:0,(anonymous_6)
DA:11,3
DA:12,7
DA:14,7
DA:15,0
DA:22,0
DA:27,7
DA:30,2
DA:32,2
DA:33,0
DA:43,3
LF:10
LH:7
BRF:0
BRH:0
end_of_record
TN:
SF:src/context/TaskContext.tsx
FN:30,(anonymous_0)
FN:33,(anonymous_1)
FN:34,(anonymous_2)
FN:45,(anonymous_3)
FN:55,(anonymous_4)
FN:57,(anonymous_5)
FN:72,useTaskList
FNF:7
FNH:7
FNDA:12,(anonymous_0)
FNDA:6,(anonymous_1)
FNDA:6,(anonymous_2)
FNDA:3,(anonymous_3)
FNDA:1,(anonymous_4)
FNDA:1,(anonymous_5)
FNDA:20,useTaskList
DA:26,3
DA:28,3
DA:30,3
DA:31,12
DA:33,12
DA:34,6
DA:35,6
DA:37,6
DA:38,2
DA:42,6
DA:45,12
DA:46,3
DA:47,3
DA:48,3
DA:49,3
DA:51,0
DA:55,12
DA:56,1
DA:57,1
DA:58,1
DA:59,1
DA:61,0
DA:65,12
DA:73,20
DA:75,20
DA:76,0
DA:79,20
LF:27
LH:24
BRDA:37,0,0,2
BRDA:37,0,1,4
BRDA:75,1,0,0
BRDA:75,1,1,20
BRF:4
BRH:3
end_of_record
TN:
SF:src/pages/Home/index.tsx
FN:14,(anonymous_0)
FN:19,(anonymous_1)
FNF:2
FNH:2
FNDA:6,(anonymous_0)
FNDA:1,(anonymous_1)
DA:14,2
DA:15,6
DA:17,6
DA:19,6
DA:20,1
DA:25,1
DA:28,6
DA:57,2
LF:8
LH:8
BRDA:22,0,0,1
BRDA:22,0,1,0
BRDA:83,1,0,2
BRDA:83,1,1,0
BRF:4
BRH:2
end_of_record
